Using pre-set license
Built from '2022.3/staging' branch; Version is '2022.3.4f1 (35713cd46cd7) revision 3502396'; Using compiler version '192829333'; Build Type 'Release'
OS: 'Windows 10  (10.0.19045) 64bit Core' Language: 'pt' Physical Memory: 16243 MB
BatchMode: 1, IsHumanControllingUs: 0, StartBugReporterOnCrash: 0, Is64bit: 1, IsPro: 1

COMMAND LINE ARGUMENTS:
C:\Program Files\Unity\Hub\Editor\2022.3.4f1\Editor\Unity.exe
-adb2
-batchMode
-noUpm
-name
AssetImportWorker0
-projectPath
C:/Users/Utilizador/Documents/GitHub/Nova pasta/Bridge-Defenders/Bridge Defenders
-logFile
Logs/AssetImportWorker0.log
-srvPort
57942
Successfully changed project path to: C:/Users/Utilizador/Documents/GitHub/Nova pasta/Bridge-Defenders/Bridge Defenders
C:/Users/Utilizador/Documents/GitHub/Nova pasta/Bridge-Defenders/Bridge Defenders
[UnityMemory] Configuration Parameters - Can be set up in boot.config
    "memorysetup-bucket-allocator-granularity=16"
    "memorysetup-bucket-allocator-bucket-count=8"
    "memorysetup-bucket-allocator-block-size=33554432"
    "memorysetup-bucket-allocator-block-count=8"
    "memorysetup-main-allocator-block-size=16777216"
    "memorysetup-thread-allocator-block-size=16777216"
    "memorysetup-gfx-main-allocator-block-size=16777216"
    "memorysetup-gfx-thread-allocator-block-size=16777216"
    "memorysetup-cache-allocator-block-size=4194304"
    "memorysetup-typetree-allocator-block-size=2097152"
    "memorysetup-profiler-bucket-allocator-granularity=16"
    "memorysetup-profiler-bucket-allocator-bucket-count=8"
    "memorysetup-profiler-bucket-allocator-block-size=33554432"
    "memorysetup-profiler-bucket-allocator-block-count=8"
    "memorysetup-profiler-allocator-block-size=16777216"
    "memorysetup-profiler-editor-allocator-block-size=1048576"
    "memorysetup-temp-allocator-size-main=16777216"
    "memorysetup-job-temp-allocator-block-size=2097152"
    "memorysetup-job-temp-allocator-block-size-background=1048576"
    "memorysetup-job-temp-allocator-reduction-small-platforms=262144"
    "memorysetup-allocator-temp-initial-block-size-main=262144"
    "memorysetup-allocator-temp-initial-block-size-worker=262144"
    "memorysetup-temp-allocator-size-background-worker=32768"
    "memorysetup-temp-allocator-size-job-worker=262144"
    "memorysetup-temp-allocator-size-preload-manager=33554432"
    "memorysetup-temp-allocator-size-nav-mesh-worker=65536"
    "memorysetup-temp-allocator-size-audio-worker=65536"
    "memorysetup-temp-allocator-size-cloud-worker=32768"
    "memorysetup-temp-allocator-size-gi-baking-worker=262144"
    "memorysetup-temp-allocator-size-gfx=262144"
Player connection [13236] Host "[IP] 192.168.1.246 [Port] 0 [Flags] 2 [Guid] 3384359689 [EditorId] 3384359689 [Version] 1048832 [Id] WindowsEditor(7,DESKTOP-M5V9TK7) [Debug] 1 [PackageName] WindowsEditor [ProjectName] Editor" joined multi-casting on [225.0.0.222:54997]...

Player connection [13236] Host "[IP] 192.168.1.246 [Port] 0 [Flags] 2 [Guid] 3384359689 [EditorId] 3384359689 [Version] 1048832 [Id] WindowsEditor(7,DESKTOP-M5V9TK7) [Debug] 1 [PackageName] WindowsEditor [ProjectName] Editor" joined alternative multi-casting on [225.0.0.222:34997]...

Refreshing native plugins compatible for Editor in 11.29 ms, found 4 plugins.
Preloading 0 native plugins for Editor in 0.00 ms.
Initialize engine version: 2022.3.4f1 (35713cd46cd7)
[Subsystems] Discovering subsystems at path C:/Program Files/Unity/Hub/Editor/2022.3.4f1/Editor/Data/Resources/UnitySubsystems
[Subsystems] Discovering subsystems at path C:/Users/Utilizador/Documents/GitHub/Nova pasta/Bridge-Defenders/Bridge Defenders/Assets
GfxDevice: creating device client; threaded=0; jobified=0
Direct3D:
    Version:  Direct3D 11.0 [level 11.1]
    Renderer: NVIDIA GeForce RTX 3060 (ID=0x2504)
    Vendor:   NVIDIA
    VRAM:     12129 MB
    Driver:   31.0.15.3667
Initialize mono
Mono path[0] = 'C:/Program Files/Unity/Hub/Editor/2022.3.4f1/Editor/Data/Managed'
Mono path[1] = 'C:/Program Files/Unity/Hub/Editor/2022.3.4f1/Editor/Data/MonoBleedingEdge/lib/mono/unityjit-win32'
Mono config path = 'C:/Program Files/Unity/Hub/Editor/2022.3.4f1/Editor/Data/MonoBleedingEdge/etc'
Using monoOptions --debugger-agent=transport=dt_socket,embedding=1,server=y,suspend=n,address=127.0.0.1:56916
Begin MonoManager ReloadAssembly
Registering precompiled unity dll's ...
Register platform support module: C:/Program Files/Unity/Hub/Editor/2022.3.4f1/Editor/Data/PlaybackEngines/WindowsStandaloneSupport/UnityEditor.WindowsStandalone.Extensions.dll
Registered in 0.006389 seconds.
- Loaded All Assemblies, in  0.267 seconds
Native extension for WindowsStandalone target not found
Mono: successfully reloaded assembly
- Finished resetting the current domain, in  0.204 seconds
Domain Reload Profiling: 469ms
	BeginReloadAssembly (76ms)
		ExecutionOrderSort (0ms)
		DisableScriptedObjects (0ms)
		BackupInstance (0ms)
		ReleaseScriptingObjects (0ms)
		CreateAndSetChildDomain (1ms)
	RebuildCommonClasses (28ms)
	RebuildNativeTypeToScriptingClass (10ms)
	initialDomainReloadingComplete (49ms)
	LoadAllAssembliesAndSetupDomain (102ms)
		LoadAssemblies (74ms)
		RebuildTransferFunctionScriptingTraits (0ms)
		AnalyzeDomain (97ms)
			TypeCache.Refresh (97ms)
				TypeCache.ScanAssembly (88ms)
			ScanForSourceGeneratedMonoScriptInfo (0ms)
			ResolveRequiredComponents (0ms)
	FinalizeReload (204ms)
		ReleaseScriptCaches (0ms)
		RebuildScriptCaches (0ms)
		SetupLoadedEditorAssemblies (159ms)
			LogAssemblyErrors (0ms)
			InitializePlatformSupportModulesInManaged (9ms)
			SetLoadedEditorAssemblies (7ms)
			RefreshPlugins (0ms)
			BeforeProcessingInitializeOnLoad (2ms)
			ProcessInitializeOnLoadAttributes (106ms)
			ProcessInitializeOnLoadMethodAttributes (36ms)
			AfterProcessingInitializeOnLoad (0ms)
			EditorAssembliesLoaded (0ms)
		ExecutionOrderSort2 (0ms)
		AwakeInstancesAfterBackupRestoration (0ms)
========================================================================
Worker process is ready to serve import requests
Begin MonoManager ReloadAssembly
Symbol file LoadedFromMemory doesn't match image C:\Users\Utilizador\Documents\GitHub\Nova pasta\Bridge-Defenders\Bridge Defenders\Library\PackageCache\com.unity.visualscripting@1.8.0\Editor\VisualScripting.Core\Dependencies\YamlDotNet\Unity.VisualScripting.YamlDotNet.dll
Symbol file LoadedFromMemory doesn't match image C:\Users\Utilizador\Documents\GitHub\Nova pasta\Bridge-Defenders\Bridge Defenders\Library\PackageCache\com.unity.visualscripting@1.8.0\Editor\VisualScripting.Core\Dependencies\DotNetZip\Unity.VisualScripting.IonicZip.dll
- Loaded All Assemblies, in  0.642 seconds
Refreshing native plugins compatible for Editor in 4.23 ms, found 4 plugins.
Native extension for WindowsStandalone target not found
Mono: successfully reloaded assembly
- Finished resetting the current domain, in  0.463 seconds
Domain Reload Profiling: 1102ms
	BeginReloadAssembly (114ms)
		ExecutionOrderSort (0ms)
		DisableScriptedObjects (4ms)
		BackupInstance (0ms)
		ReleaseScriptingObjects (0ms)
		CreateAndSetChildDomain (18ms)
	RebuildCommonClasses (30ms)
	RebuildNativeTypeToScriptingClass (8ms)
	initialDomainReloadingComplete (40ms)
	LoadAllAssembliesAndSetupDomain (447ms)
		LoadAssemblies (258ms)
		RebuildTransferFunctionScriptingTraits (0ms)
		AnalyzeDomain (242ms)
			TypeCache.Refresh (215ms)
				TypeCache.ScanAssembly (205ms)
			ScanForSourceGeneratedMonoScriptInfo (21ms)
			ResolveRequiredComponents (5ms)
	FinalizeReload (463ms)
		ReleaseScriptCaches (0ms)
		RebuildScriptCaches (0ms)
		SetupLoadedEditorAssemblies (326ms)
			LogAssemblyErrors (0ms)
			InitializePlatformSupportModulesInManaged (7ms)
			SetLoadedEditorAssemblies (4ms)
			RefreshPlugins (0ms)
			BeforeProcessingInitializeOnLoad (63ms)
			ProcessInitializeOnLoadAttributes (219ms)
			ProcessInitializeOnLoadMethodAttributes (27ms)
			AfterProcessingInitializeOnLoad (6ms)
			EditorAssembliesLoaded (0ms)
		ExecutionOrderSort2 (0ms)
		AwakeInstancesAfterBackupRestoration (4ms)
Launched and connected shader compiler UnityShaderCompiler.exe after 0.03 seconds
Refreshing native plugins compatible for Editor in 3.43 ms, found 4 plugins.
Preloading 0 native plugins for Editor in 0.00 ms.
Unloading 4107 Unused Serialized files (Serialized files now loaded: 0)
Unloading 63 unused Assets / (60.8 KB). Loaded Objects now: 4572.
Memory consumption went from 144.7 MB to 144.6 MB.
Total: 2.749800 ms (FindLiveObjects: 0.220500 ms CreateObjectMapping: 0.180900 ms MarkObjects: 2.249800 ms  DeleteObjects: 0.097600 ms)

AssetImportParameters requested are different than current active one (requested -> active):
  custom:container-demuxer-ogg: 62fdf1f143b41e24485cea50d1cbac27 -> 
  custom:video-decoder-ogg-theora: a1e56fd34408186e4bbccfd4996cb3dc -> 
  custom:framework-win-MediaFoundation: 216162199b28c13a410421893ffa2e32 -> 
  custom:CustomObjectIndexerAttribute: 756ad292c208cfabdd7b50bc23989ffe -> 
  custom:container-demuxer-webm: 4f35f7cbe854078d1ac9338744f61a02 -> 
  custom:container-muxer-webm: aa71ff27fc2769a1b78a27578f13a17b -> 
  custom:video-decoder-webm-vp8: 9c59270c3fd7afecdb556c50c9e8de78 -> 
  custom:AudioImporter_EditorPlatform: d09bf68614088b80899f8185d706f6e7 -> 
  custom:video-encoder-webm-vp8: eb34c28f22e8b96e1ab97ce403110664 -> 
  custom:audio-decoder-ogg-vorbis: bf7c407c2cedff20999df2af8eb42d56 -> 
  custom:audio-encoder-webm-vorbis: bf7c407c2cedff20999df2af8eb42d56 -> 
========================================================================
Received Import Request.
  Time since last request: 957277.020836 seconds.
  path: Assets/Sprites/todos/TV/Tv Tron/walk/tv tron walk.png
  artifactKey: Guid(e89d0ff040d85e540848442458d2aeaa) Importer(815301076,1909f56bfc062723c751e8b465ee728b)
Start importing Assets/Sprites/todos/TV/Tv Tron/walk/tv tron walk.png using Guid(e89d0ff040d85e540848442458d2aeaa) Importer(815301076,1909f56bfc062723c751e8b465ee728b)  -> (artifact id: 'fee132839a1a700d94d5f5a5c464d57e') in 0.093744 seconds
Number of updated asset objects reloaded before import = 0
Number of asset objects unloaded after import = 3
========================================================================
Received Import Request.
  Time since last request: 38.718090 seconds.
  path: Assets/Sprites/todos/TV/Tv Tron/walk/tv tron walk.png
  artifactKey: Guid(e89d0ff040d85e540848442458d2aeaa) Importer(815301076,1909f56bfc062723c751e8b465ee728b)
Start importing Assets/Sprites/todos/TV/Tv Tron/walk/tv tron walk.png using Guid(e89d0ff040d85e540848442458d2aeaa) Importer(815301076,1909f56bfc062723c751e8b465ee728b)  -> (artifact id: 'c10a3ce291bbbb34bd1d78c8d0152f1a') in 0.020702 seconds
Number of updated asset objects reloaded before import = 0
Number of asset objects unloaded after import = 2
========================================================================
Received Import Request.
  Time since last request: 193.575937 seconds.
  path: Assets/Sprites/todos/TV/Tv Tron/walk/tv tron walk.gif
  artifactKey: Guid(d6e781891ef681748aa8f0d577e9a139) Importer(815301076,1909f56bfc062723c751e8b465ee728b)
Start importing Assets/Sprites/todos/TV/Tv Tron/walk/tv tron walk.gif using Guid(d6e781891ef681748aa8f0d577e9a139) Importer(815301076,1909f56bfc062723c751e8b465ee728b)  -> (artifact id: 'aceabfa318b7ea9b119a1888aa8b8442') in 0.021799 seconds
Number of updated asset objects reloaded before import = 0
Number of asset objects unloaded after import = 3
========================================================================
Received Import Request.
  Time since last request: 9.767731 seconds.
  path: Assets/Sprites/todos/TV/Tv Tron/walk/tv tron walk.png
  artifactKey: Guid(e89d0ff040d85e540848442458d2aeaa) Importer(815301076,1909f56bfc062723c751e8b465ee728b)
Start importing Assets/Sprites/todos/TV/Tv Tron/walk/tv tron walk.png using Guid(e89d0ff040d85e540848442458d2aeaa) Importer(815301076,1909f56bfc062723c751e8b465ee728b)  -> (artifact id: 'e35d4ed7503fe24464323ee46c7d5ed7') in 0.020875 seconds
Number of updated asset objects reloaded before import = 0
Number of asset objects unloaded after import = 2
========================================================================
Received Import Request.
  Time since last request: 8.883267 seconds.
  path: Assets/Sprites/todos/TV/Tv Tron/walk/tv tron walk.png
  artifactKey: Guid(e89d0ff040d85e540848442458d2aeaa) Importer(815301076,1909f56bfc062723c751e8b465ee728b)
Start importing Assets/Sprites/todos/TV/Tv Tron/walk/tv tron walk.png using Guid(e89d0ff040d85e540848442458d2aeaa) Importer(815301076,1909f56bfc062723c751e8b465ee728b)  -> (artifact id: '297a8419a0c950329b5d1439cd8d40ae') in 0.057959 seconds
Number of updated asset objects reloaded before import = 0
Number of asset objects unloaded after import = 7
========================================================================
Received Import Request.
  Time since last request: 156.521890 seconds.
  path: Assets/Sprites/todos/TV/Tv Tron/idle/tv tron idle-20230721-181931.piskel
  artifactKey: Guid(196dcf5fa4e46da4da8c43b41a547966) Importer(815301076,1909f56bfc062723c751e8b465ee728b)
Start importing Assets/Sprites/todos/TV/Tv Tron/idle/tv tron idle-20230721-181931.piskel using Guid(196dcf5fa4e46da4da8c43b41a547966) Importer(815301076,1909f56bfc062723c751e8b465ee728b)  -> (artifact id: '464a88bf3cbbb3ca55d32fa9c3443787') in 0.000983 seconds
Number of updated asset objects reloaded before import = 0
Number of asset objects unloaded after import = 1
========================================================================
Received Import Request.
  Time since last request: 15.483258 seconds.
  path: Assets/Sprites/todos/TV/Tv Tron/idle/tv tron idle.png
  artifactKey: Guid(c09074711d9b61f41ab3d5816da1565e) Importer(815301076,1909f56bfc062723c751e8b465ee728b)
Start importing Assets/Sprites/todos/TV/Tv Tron/idle/tv tron idle.png using Guid(c09074711d9b61f41ab3d5816da1565e) Importer(815301076,1909f56bfc062723c751e8b465ee728b)  -> (artifact id: '56a53d7ca74ea6a68ceeb8fe6510ce32') in 0.019836 seconds
Number of updated asset objects reloaded before import = 0
Number of asset objects unloaded after import = 2
========================================================================
Received Import Request.
  Time since last request: 29.016963 seconds.
  path: Assets/Sprites/todos/TV/Tv Tron/idle/tv tron idle.png
  artifactKey: Guid(c09074711d9b61f41ab3d5816da1565e) Importer(815301076,1909f56bfc062723c751e8b465ee728b)
Start importing Assets/Sprites/todos/TV/Tv Tron/idle/tv tron idle.png using Guid(c09074711d9b61f41ab3d5816da1565e) Importer(815301076,1909f56bfc062723c751e8b465ee728b)  -> (artifact id: '7ab86ede2216c38259b5a7a465363bcf') in 0.036987 seconds
Number of updated asset objects reloaded before import = 0
Number of asset objects unloaded after import = 8
========================================================================
Received Import Request.
  Time since last request: 134.835044 seconds.
  path: Assets/Sprites/todos/TV/Tv Juggernaut/TV jugger.gif
  artifactKey: Guid(94319c7c5322a6a408f7e13b4e720600) Importer(815301076,1909f56bfc062723c751e8b465ee728b)
Start importing Assets/Sprites/todos/TV/Tv Juggernaut/TV jugger.gif using Guid(94319c7c5322a6a408f7e13b4e720600) Importer(815301076,1909f56bfc062723c751e8b465ee728b)  -> (artifact id: '637e27604ceaa86600aa4d7effb702d0') in 0.015932 seconds
Number of updated asset objects reloaded before import = 0
Number of asset objects unloaded after import = 3
========================================================================
Received Import Request.
  Time since last request: 42.583040 seconds.
  path: Assets/Sprites/todos/TV/Tv Juggernaut/TV jugger (1).png
  artifactKey: Guid(22f4d5cad01362746af49522ed68e1df) Importer(815301076,1909f56bfc062723c751e8b465ee728b)
Start importing Assets/Sprites/todos/TV/Tv Juggernaut/TV jugger (1).png using Guid(22f4d5cad01362746af49522ed68e1df) Importer(815301076,1909f56bfc062723c751e8b465ee728b)  -> (artifact id: 'fdb6f9c82a5c10e68cd0fd8ca20fd1e8') in 0.038379 seconds
Number of updated asset objects reloaded before import = 0
Number of asset objects unloaded after import = 2
========================================================================
Received Import Request.
  Time since last request: 32.245370 seconds.
  path: Assets/Sprites/todos/TV/Tv Juggernaut/TV jugger (1).png
  artifactKey: Guid(22f4d5cad01362746af49522ed68e1df) Importer(815301076,1909f56bfc062723c751e8b465ee728b)
Start importing Assets/Sprites/todos/TV/Tv Juggernaut/TV jugger (1).png using Guid(22f4d5cad01362746af49522ed68e1df) Importer(815301076,1909f56bfc062723c751e8b465ee728b)  -> (artifact id: '8ad55d73694657912621b79ea8cd29e9') in 0.059538 seconds
Number of updated asset objects reloaded before import = 0
Number of asset objects unloaded after import = 7
========================================================================
Received Import Request.
  Time since last request: 211.361889 seconds.
  path: Assets/Sprites/todos/TV/player/player idle.gif
  artifactKey: Guid(567b4a51eac359c459e92b2ece6a169d) Importer(815301076,1909f56bfc062723c751e8b465ee728b)
Start importing Assets/Sprites/todos/TV/player/player idle.gif using Guid(567b4a51eac359c459e92b2ece6a169d) Importer(815301076,1909f56bfc062723c751e8b465ee728b)  -> (artifact id: 'ab0856942194940426f6e960a134f300') in 0.063244 seconds
Number of updated asset objects reloaded before import = 0
Number of asset objects unloaded after import = 3
========================================================================
Received Import Request.
  Time since last request: 4.026491 seconds.
  path: Assets/Sprites/todos/TV/player/player idle.piskel
  artifactKey: Guid(f49bd51e0e83de442b1f31d7f2348fdd) Importer(815301076,1909f56bfc062723c751e8b465ee728b)
Start importing Assets/Sprites/todos/TV/player/player idle.piskel using Guid(f49bd51e0e83de442b1f31d7f2348fdd) Importer(815301076,1909f56bfc062723c751e8b465ee728b)  -> (artifact id: 'f08ab92892fb7154b66dce03dca368e0') in 0.000684 seconds
Number of updated asset objects reloaded before import = 0
Number of asset objects unloaded after import = 1
========================================================================
Received Import Request.
  Time since last request: 64.161916 seconds.
  path: Assets/Sprites/todos/TV/infector/infector.gif
  artifactKey: Guid(a85212fe4b0869c42bc03e152b2c879d) Importer(815301076,1909f56bfc062723c751e8b465ee728b)
Start importing Assets/Sprites/todos/TV/infector/infector.gif using Guid(a85212fe4b0869c42bc03e152b2c879d) Importer(815301076,1909f56bfc062723c751e8b465ee728b)  -> (artifact id: '5a992b705f52e3cadb139f5f22962030') in 0.023251 seconds
Number of updated asset objects reloaded before import = 0
Number of asset objects unloaded after import = 3
========================================================================
Received Import Request.
  Time since last request: 18.535845 seconds.
  path: Assets/Sprites/todos/TV/infector/infector.png
  artifactKey: Guid(ecf5452db3d7eb94ba58f33bf8f36e08) Importer(815301076,1909f56bfc062723c751e8b465ee728b)
Start importing Assets/Sprites/todos/TV/infector/infector.png using Guid(ecf5452db3d7eb94ba58f33bf8f36e08) Importer(815301076,1909f56bfc062723c751e8b465ee728b)  -> (artifact id: 'bc98d341855bac45454f1d7b146bd7e1') in 0.027994 seconds
Number of updated asset objects reloaded before import = 0
Number of asset objects unloaded after import = 2
========================================================================
Received Import Request.
  Time since last request: 22.278360 seconds.
  path: Assets/Sprites/todos/TV/infector/infector.png
  artifactKey: Guid(ecf5452db3d7eb94ba58f33bf8f36e08) Importer(815301076,1909f56bfc062723c751e8b465ee728b)
Start importing Assets/Sprites/todos/TV/infector/infector.png using Guid(ecf5452db3d7eb94ba58f33bf8f36e08) Importer(815301076,1909f56bfc062723c751e8b465ee728b)  -> (artifact id: 'f637de41c4993cd1594118e96c72aa24') in 0.024571 seconds
Number of updated asset objects reloaded before import = 0
Number of asset objects unloaded after import = 5
========================================================================
Received Import Request.
  Time since last request: 284.191823 seconds.
  path: Assets/Sprites/todos/TV/infected tv/infected tv.gif
  artifactKey: Guid(c55ba03524f89d349bd12200db4a290d) Importer(815301076,1909f56bfc062723c751e8b465ee728b)
Start importing Assets/Sprites/todos/TV/infected tv/infected tv.gif using Guid(c55ba03524f89d349bd12200db4a290d) Importer(815301076,1909f56bfc062723c751e8b465ee728b)  -> (artifact id: 'f1d762721d86685d91ec509c39d76789') in 0.021666 seconds
Number of updated asset objects reloaded before import = 0
Number of asset objects unloaded after import = 3
========================================================================
Received Import Request.
  Time since last request: 77.038744 seconds.
  path: Assets/Sprites/todos/TV/infected tv/infected tv.png
  artifactKey: Guid(ca0078c7d21aacc4ea69c0c66642eb7c) Importer(815301076,1909f56bfc062723c751e8b465ee728b)
Start importing Assets/Sprites/todos/TV/infected tv/infected tv.png using Guid(ca0078c7d21aacc4ea69c0c66642eb7c) Importer(815301076,1909f56bfc062723c751e8b465ee728b)  -> (artifact id: '88cf3c32dfb18f239912715eeb60027c') in 0.017675 seconds
Number of updated asset objects reloaded before import = 0
Number of asset objects unloaded after import = 2
========================================================================
Received Import Request.
  Time since last request: 12.353756 seconds.
  path: Assets/Sprites/todos/TV/infected tv/infected tv.png
  artifactKey: Guid(ca0078c7d21aacc4ea69c0c66642eb7c) Importer(815301076,1909f56bfc062723c751e8b465ee728b)
Start importing Assets/Sprites/todos/TV/infected tv/infected tv.png using Guid(ca0078c7d21aacc4ea69c0c66642eb7c) Importer(815301076,1909f56bfc062723c751e8b465ee728b)  -> (artifact id: '3cd5e41babbac26bbb2e7789c4a7c254') in 0.028692 seconds
Number of updated asset objects reloaded before import = 0
Number of asset objects unloaded after import = 5
========================================================================
Received Import Request.
  Time since last request: 122.443578 seconds.
  path: Assets/Sprites/todos/TV/player/Player idle
  artifactKey: Guid(57427ea9a41191a47925bd99fae1a841) Importer(815301076,1909f56bfc062723c751e8b465ee728b)
Start importing Assets/Sprites/todos/TV/player/Player idle using Guid(57427ea9a41191a47925bd99fae1a841) Importer(815301076,1909f56bfc062723c751e8b465ee728b)  -> (artifact id: 'f8552a3193af6606dbe2af198eca54bc') in 0.000582 seconds
Number of updated asset objects reloaded before import = 0
Number of asset objects unloaded after import = 0
========================================================================
Received Import Request.
  Time since last request: 0.056980 seconds.
  path: Assets/Sprites/todos/TV/player/Player idle/Player Idle.gif
  artifactKey: Guid(01ffff0b36221e349b9e81f13117f05d) Importer(815301076,1909f56bfc062723c751e8b465ee728b)
Start importing Assets/Sprites/todos/TV/player/Player idle/Player Idle.gif using Guid(01ffff0b36221e349b9e81f13117f05d) Importer(815301076,1909f56bfc062723c751e8b465ee728b)  -> (artifact id: '98f4291ea695bc861b2b9e346681af98') in 0.027670 seconds
Number of updated asset objects reloaded before import = 0
Number of asset objects unloaded after import = 3
========================================================================
Received Import Request.
  Time since last request: 1.881047 seconds.
  path: Assets/Sprites/todos/TV/player/Player idle/player idle.piskel
  artifactKey: Guid(197df2862692d904ba38110b215f5dab) Importer(815301076,1909f56bfc062723c751e8b465ee728b)
Start importing Assets/Sprites/todos/TV/player/Player idle/player idle.piskel using Guid(197df2862692d904ba38110b215f5dab) Importer(815301076,1909f56bfc062723c751e8b465ee728b)  -> (artifact id: '1212c46002620a73fafb4c8509a677fe') in 0.000702 seconds
Number of updated asset objects reloaded before import = 0
Number of asset objects unloaded after import = 1
========================================================================
Received Import Request.
  Time since last request: 108.263949 seconds.
  path: Assets/Sprites/todos/TV/player/Player idle/Player Idle.png
  artifactKey: Guid(a2c097d44e3ab1f4a9c476821146f6a9) Importer(815301076,1909f56bfc062723c751e8b465ee728b)
Start importing Assets/Sprites/todos/TV/player/Player idle/Player Idle.png using Guid(a2c097d44e3ab1f4a9c476821146f6a9) Importer(815301076,1909f56bfc062723c751e8b465ee728b)  -> (artifact id: 'c70603bd8678638e26975bbc07ef0878') in 0.019512 seconds
Number of updated asset objects reloaded before import = 0
Number of asset objects unloaded after import = 2
========================================================================
Received Import Request.
  Time since last request: 17.069929 seconds.
  path: Assets/Sprites/todos/TV/player/Player idle/Player Idle.png
  artifactKey: Guid(a2c097d44e3ab1f4a9c476821146f6a9) Importer(815301076,1909f56bfc062723c751e8b465ee728b)
Start importing Assets/Sprites/todos/TV/player/Player idle/Player Idle.png using Guid(a2c097d44e3ab1f4a9c476821146f6a9) Importer(815301076,1909f56bfc062723c751e8b465ee728b)  -> (artifact id: '4ef61d0ed0292b7d430b6643a0f32067') in 0.038578 seconds
Number of updated asset objects reloaded before import = 0
Number of asset objects unloaded after import = 7
========================================================================
Received Prepare
Begin MonoManager ReloadAssembly
Symbol file LoadedFromMemory doesn't match image C:\Users\Utilizador\Documents\GitHub\Nova pasta\Bridge-Defenders\Bridge Defenders\Library\PackageCache\com.unity.visualscripting@1.8.0\Editor\VisualScripting.Core\Dependencies\YamlDotNet\Unity.VisualScripting.YamlDotNet.dll
Symbol file LoadedFromMemory doesn't match image C:\Users\Utilizador\Documents\GitHub\Nova pasta\Bridge-Defenders\Bridge Defenders\Library\PackageCache\com.unity.visualscripting@1.8.0\Editor\VisualScripting.Core\Dependencies\DotNetZip\Unity.VisualScripting.IonicZip.dll
- Loaded All Assemblies, in  0.633 seconds
Refreshing native plugins compatible for Editor in 4.39 ms, found 4 plugins.
Native extension for WindowsStandalone target not found
Mono: successfully reloaded assembly
- Finished resetting the current domain, in  1.522 seconds
Domain Reload Profiling: 2152ms
	BeginReloadAssembly (141ms)
		ExecutionOrderSort (0ms)
		DisableScriptedObjects (10ms)
		BackupInstance (0ms)
		ReleaseScriptingObjects (0ms)
		CreateAndSetChildDomain (36ms)
	RebuildCommonClasses (26ms)
	RebuildNativeTypeToScriptingClass (10ms)
	initialDomainReloadingComplete (29ms)
	LoadAllAssembliesAndSetupDomain (423ms)
		LoadAssemblies (273ms)
		RebuildTransferFunctionScriptingTraits (0ms)
		AnalyzeDomain (208ms)
			TypeCache.Refresh (204ms)
				TypeCache.ScanAssembly (195ms)
			ScanForSourceGeneratedMonoScriptInfo (0ms)
			ResolveRequiredComponents (4ms)
	FinalizeReload (1523ms)
		ReleaseScriptCaches (0ms)
		RebuildScriptCaches (0ms)
		SetupLoadedEditorAssemblies (344ms)
			LogAssemblyErrors (0ms)
			InitializePlatformSupportModulesInManaged (6ms)
			SetLoadedEditorAssemblies (4ms)
			RefreshPlugins (0ms)
			BeforeProcessingInitializeOnLoad (70ms)
			ProcessInitializeOnLoadAttributes (226ms)
			ProcessInitializeOnLoadMethodAttributes (30ms)
			AfterProcessingInitializeOnLoad (8ms)
			EditorAssembliesLoaded (0ms)
		ExecutionOrderSort2 (0ms)
		AwakeInstancesAfterBackupRestoration (12ms)
Refreshing native plugins compatible for Editor in 5.30 ms, found 4 plugins.
Preloading 0 native plugins for Editor in 0.00 ms.
Unloading 4082 Unused Serialized files (Serialized files now loaded: 0)
Unloading 35 unused Assets / (34.8 KB). Loaded Objects now: 4585.
Memory consumption went from 143.1 MB to 143.0 MB.
Total: 2.811100 ms (FindLiveObjects: 0.175600 ms CreateObjectMapping: 0.128800 ms MarkObjects: 2.461700 ms  DeleteObjects: 0.044200 ms)

Prepare: number of updated asset objects reloaded= 0
AssetImportParameters requested are different than current active one (requested -> active):
  custom:container-demuxer-ogg: 62fdf1f143b41e24485cea50d1cbac27 -> 
  custom:video-decoder-ogg-theora: a1e56fd34408186e4bbccfd4996cb3dc -> 
  custom:framework-win-MediaFoundation: 216162199b28c13a410421893ffa2e32 -> 
  custom:CustomObjectIndexerAttribute: 756ad292c208cfabdd7b50bc23989ffe -> 
  custom:container-demuxer-webm: 4f35f7cbe854078d1ac9338744f61a02 -> 
  custom:container-muxer-webm: aa71ff27fc2769a1b78a27578f13a17b -> 
  custom:video-decoder-webm-vp8: 9c59270c3fd7afecdb556c50c9e8de78 -> 
  custom:AudioImporter_EditorPlatform: d09bf68614088b80899f8185d706f6e7 -> 
  custom:video-encoder-webm-vp8: eb34c28f22e8b96e1ab97ce403110664 -> 
  custom:audio-decoder-ogg-vorbis: bf7c407c2cedff20999df2af8eb42d56 -> 
  custom:audio-encoder-webm-vorbis: bf7c407c2cedff20999df2af8eb42d56 -> 
